<?xml version="1.0" encoding="UTF-8"?>
<testng-results ignored="0" total="1" passed="1" failed="0" skipped="0">
  <reporter-output>
  </reporter-output>
  <suite started-at="2025-02-03T15:53:03 IST" name="Default suite" finished-at="2025-02-03T15:53:14 IST" duration-ms="10403">
    <groups>
    </groups>
    <test started-at="2025-02-03T15:53:03 IST" name="Default test" finished-at="2025-02-03T15:53:14 IST" duration-ms="10403">
      <class name="testcases.first_test_case">
        <test-method is-config="true" signature="setup()[pri:0, instance:testcases.first_test_case@42a48628]" started-at="2025-02-03T15:53:03 IST" name="setup" finished-at="2025-02-03T15:53:13 IST" duration-ms="10067" status="PASS">
          <reporter-output>
          </reporter-output>
        </test-method> <!-- setup -->
        <test-method signature="testValidLogin()[pri:0, instance:testcases.first_test_case@42a48628]" started-at="2025-02-03T15:53:13 IST" name="testValidLogin" finished-at="2025-02-03T15:53:13 IST" duration-ms="106" status="PASS">
          <reporter-output>
          </reporter-output>
        </test-method> <!-- testValidLogin -->
        <test-method is-config="true" signature="teardown()[pri:0, instance:testcases.first_test_case@42a48628]" started-at="2025-02-03T15:53:13 IST" name="teardown" finished-at="2025-02-03T15:53:14 IST" duration-ms="195" status="PASS">
          <reporter-output>
          </reporter-output>
        </test-method> <!-- teardown -->
      </class> <!-- testcases.first_test_case -->
    </test> <!-- Default test -->
  </suite> <!-- Default suite -->
</testng-results>
